  Load.cpp
  flat.cpp
  Generating Code...
C:\Users\USER\source\repos\Project39\Project39\shipping_item.cpp(64): warning C4717: 'ShippingItem::set_delivered': recursive on all control paths, function will cause runtime stack overflow
shipping_item.obj : error LNK2005: "public: __thiscall ShippingItem::ShippingItem(struct Address,double,double)" (??0ShippingItem@@QAE@UAddress@@NN@Z) already defined in flat.obj
shipping_item.obj : error LNK2005: "public: __thiscall ShippingItem::ShippingItem(void)" (??0ShippingItem@@QAE@XZ) already defined in flat.obj
shipping_item.obj : error LNK2005: "public: __thiscall ShippingItem::~ShippingItem(void)" (??1ShippingItem@@QAE@XZ) already defined in flat.obj
shipping_item.obj : error LNK2005: "public: void __thiscall ShippingItem::MarkDelivered(void)" (?MarkDelivered@ShippingItem@@QAEXXZ) already defined in flat.obj
shipping_item.obj : error LNK2005: "public: struct Address __thiscall ShippingItem::get_address(void)const " (?get_address@ShippingItem@@QBE?AUAddress@@XZ) already defined in flat.obj
shipping_item.obj : error LNK2005: "public: bool __thiscall ShippingItem::get_delivered(void)const " (?get_delivered@ShippingItem@@QBE_NXZ) already defined in flat.obj
shipping_item.obj : error LNK2005: "public: double __thiscall ShippingItem::get_length(void)const " (?get_length@ShippingItem@@QBENXZ) already defined in flat.obj
shipping_item.obj : error LNK2005: "public: double __thiscall ShippingItem::get_weight(void)const " (?get_weight@ShippingItem@@QBENXZ) already defined in flat.obj
shipping_item.obj : error LNK2005: "public: void __thiscall ShippingItem::set_address(struct Address)" (?set_address@ShippingItem@@QAEXUAddress@@@Z) already defined in flat.obj
shipping_item.obj : error LNK2005: "public: void __thiscall ShippingItem::set_delivered(bool)" (?set_delivered@ShippingItem@@QAEX_N@Z) already defined in flat.obj
shipping_item.obj : error LNK2005: "public: virtual void __thiscall ShippingItem::set_length(double)" (?set_length@ShippingItem@@UAEXN@Z) already defined in flat.obj
shipping_item.obj : error LNK2005: "public: void __thiscall ShippingItem::set_weight(double)" (?set_weight@ShippingItem@@QAEXN@Z) already defined in flat.obj
shipping_item.obj : error LNK2005: "public: static double ShippingItem::kMaxWeight" (?kMaxWeight@ShippingItem@@2NA) already defined in flat.obj
shipping_item.obj : error LNK2005: "public: static double ShippingItem::kMaxSize" (?kMaxSize@ShippingItem@@2NA) already defined in flat.obj
shipping_item.obj : error LNK2005: "public: static double ShippingItem::kMinSize" (?kMinSize@ShippingItem@@2NA) already defined in flat.obj
C:\Users\USER\source\repos\Project39\Debug\Project39.exe : fatal error LNK1169: one or more multiply defined symbols found
